<?xml version="1.0" encoding="UTF-8"?>
<!-- Generated by org.testng.reporters.JUnitReportReporter -->
<testsuite skipped="0" hostname="Arsh-Guptas-Mac.local" name="com.w2a.APITestingFramework.testcases.CreateCustomerTest" tests="3" failures="0" timestamp="22 Apr 2023 06:43:13 GMT" time="5.009" errors="0">
  <testcase name="validateCreateCustomerAPIWithValidSecretKey" time="1.670" classname="com.w2a.APITestingFramework.testcases.CreateCustomerTest"/>
  <testcase name="validateCreateCustomerAPIWithValidSecretKey" time="1.670" classname="com.w2a.APITestingFramework.testcases.CreateCustomerTest"/>
  <testcase name="validateCreateCustomerAPIWithValidSecretKey" time="1.669" classname="com.w2a.APITestingFramework.testcases.CreateCustomerTest"/>
</testsuite> <!-- com.w2a.APITestingFramework.testcases.CreateCustomerTest -->
