<?xml version="1.0" encoding="UTF-8"?>
<!-- Generated by org.testng.reporters.JUnitReportReporter -->
<testsuite skipped="0" hostname="Arsh-Guptas-Mac.local" name="com.w2a.APITestingFramework.testcases.CreateCustomerTest" tests="3" failures="0" timestamp="22 Apr 2023 18:08:12 GMT" time="3.636" errors="0">
  <testcase name="validateCreateCustomerAPIWithValidSecretKey" time="0.870" classname="com.w2a.APITestingFramework.testcases.CreateCustomerTest"/>
  <testcase name="validateCreateCustomerAPIWithValidSecretKey" time="1.922" classname="com.w2a.APITestingFramework.testcases.CreateCustomerTest"/>
  <testcase name="validateCreateCustomerAPIWithValidSecretKey" time="0.844" classname="com.w2a.APITestingFramework.testcases.CreateCustomerTest"/>
</testsuite> <!-- com.w2a.APITestingFramework.testcases.CreateCustomerTest -->
